Build started 11-04-2023 23:17:34.
     1>Project "E:\BITS_Storage_do_not delete\Project\source\Image_stream\NxUDP_Server\NxUDP_Server\NxUDP_Server.vcxproj" on node 2 (Build target(s)).
     1>ClCompile:
         C:\Program Files (x86)\Microsoft Visual Studio 12.0\VC\bin\CL.exe /c /Zi /nologo /W3 /WX- /O2 /Oi /Oy- /GL /D WIN32 /D NDEBUG /D _CONSOLE /D _LIB /D _UNICODE /D UNICODE /Gm- /EHsc /MD /GS /Gy /fp:precise /Zc:wchar_t /Zc:forScope /Fo"Release\\" /Fd"Release\vc120.pdb" /Gd /TC /analyze- /errorReport:prompt "NxUDP-server.c" TEA.c file_parse.c
         NxUDP-server.c
     1>NxUDP-server.c(72): warning C4133: 'function' : incompatible types - from 'uint32_t [1000]' to 'const char *'
     1>NxUDP-server.c(72): warning C4047: 'function' : 'int' differs in levels of indirection from 'int *'
     1>NxUDP-server.c(72): warning C4024: 'sendto' : different types for formal and actual parameter 6
     1>NxUDP-server.c(78): warning C4013: 'close' undefined; assuming extern returning int
     1>NxUDP-server.c(86): warning C4133: 'function' : incompatible types - from 'uint32_t [1000]' to 'const char *'
     1>NxUDP-server.c(86): warning C4047: 'function' : 'int' differs in levels of indirection from 'int *'
     1>NxUDP-server.c(86): warning C4024: 'sendto' : different types for formal and actual parameter 6
     1>NxUDP-server.c(89): warning C4013: 'getch' undefined; assuming extern returning int
     1>NxUDP-server.c(32): warning C4101: 'data_buffer' : unreferenced local variable
         TEA.c
     1>TEA.c(50): warning C4047: 'function' : 'uint32_t *' differs in levels of indirection from 'uint32_t (*)[2]'
     1>TEA.c(50): warning C4024: 'encrypt' : different types for formal and actual parameter 1
     1>TEA.c(33): warning C4101: 'blocks' : unreferenced local variable
     1>TEA.c(85): warning C4047: 'function' : 'uint32_t *' differs in levels of indirection from 'uint32_t (*)[2]'
     1>TEA.c(85): warning C4024: 'decrypt' : different types for formal and actual parameter 1
     1>TEA.c(90): warning C4047: '=' : 'uint8_t' differs in levels of indirection from 'void *'
         file_parse.c
     1>file_parse.c(20): warning C4996: 'fopen': This function or variable may be unsafe. Consider using fopen_s instead. To disable deprecation, use _CRT_SECURE_NO_WARNINGS. See online help for details.
                 C:\Program Files (x86)\Microsoft Visual Studio 12.0\VC\include\stdio.h(211) : see declaration of 'fopen'
     1>file_parse.c(18): warning C4101: 'ch' : unreferenced local variable
       Link:
         C:\Program Files (x86)\Microsoft Visual Studio 12.0\VC\bin\link.exe /ERRORREPORT:PROMPT /OUT:"E:\BITS_Storage_do_not delete\Project\source\Image_stream\NxUDP_Server\Release\NxUDP_Server.exe" /INCREMENTAL:NO /NOLOGO kernel32.lib user32.lib gdi32.lib winspool.lib comdlg32.lib advapi32.lib shell32.lib ole32.lib oleaut32.lib uuid.lib odbc32.lib odbccp32.lib /MANIFEST /MANIFESTUAC:"level='asInvoker' uiAccess='false'" /manifest:embed /DEBUG /PDB:"E:\BITS_Storage_do_not delete\Project\source\Image_stream\NxUDP_Server\Release\NxUDP_Server.pdb" /SUBSYSTEM:CONSOLE /OPT:REF /OPT:ICF /LTCG /TLBID:1 /DYNAMICBASE /NXCOMPAT /IMPLIB:"E:\BITS_Storage_do_not delete\Project\source\Image_stream\NxUDP_Server\Release\NxUDP_Server.lib" /MACHINE:X86 /SAFESEH Release\file_parse.obj
         "Release\NxUDP-server.obj"
         Release\TEA.obj
         Generating code
         Finished generating code
         NxUDP_Server.vcxproj -> E:\BITS_Storage_do_not delete\Project\source\Image_stream\NxUDP_Server\Release\NxUDP_Server.exe
     1>Done Building Project "E:\BITS_Storage_do_not delete\Project\source\Image_stream\NxUDP_Server\NxUDP_Server\NxUDP_Server.vcxproj" (Build target(s)).

Build succeeded.

Time Elapsed 00:00:00.89
