Build started 4/18/2023 11:35:36 PM.
     1>Project "G:\BITS\Project\source\Image_stream\NxUDP_Server\NxUDP_Server\NxUDP_Server.vcxproj" on node 2 (Build target(s)).
     1>ClCompile:
         C:\Program Files (x86)\Microsoft Visual Studio 12.0\VC\bin\CL.exe /c /ZI /nologo /W3 /WX- /Od /Oy- /D WIN32 /D _DEBUG /D _CONSOLE /D _LIB /D _UNICODE /D UNICODE /Gm /EHsc /RTC1 /MDd /GS /fp:precise /Zc:wchar_t /Zc:forScope /Fo"Debug\\" /Fd"Debug\vc120.pdb" /Gd /TC /analyze- /errorReport:prompt "NxUDP-server.c"
         NxUDP-server.c
     1>g:\bits\project\source\image_stream\nxudp_server\nxudp_server\nxudp_pkt_parser.h(48): warning C4161: #pragma pack(pop...) : more pops than pushes
     1>g:\bits\project\source\image_stream\nxudp_server\nxudp_server\nxudp-server.c(49): warning C4133: 'function' : incompatible types - from 'uint32_t *' to 'uint8_t *'
     1>g:\bits\project\source\image_stream\nxudp_server\nxudp_server\nxudp-server.c(72): warning C4133: 'function' : incompatible types - from 'uint32_t [1000]' to 'uint8_t *'
     1>g:\bits\project\source\image_stream\nxudp_server\nxudp_server\nxudp-server.c(74): warning C4047: 'function' : 'int' differs in levels of indirection from 'int32_t *'
     1>g:\bits\project\source\image_stream\nxudp_server\nxudp_server\nxudp-server.c(74): warning C4024: 'sendto' : different types for formal and actual parameter 6
     1>g:\bits\project\source\image_stream\nxudp_server\nxudp_server\nxudp-server.c(80): warning C4013: 'close' undefined; assuming extern returning int
     1>g:\bits\project\source\image_stream\nxudp_server\nxudp_server\nxudp-server.c(91): warning C4013: 'getch' undefined; assuming extern returning int
       Link:
         C:\Program Files (x86)\Microsoft Visual Studio 12.0\VC\bin\link.exe /ERRORREPORT:PROMPT /OUT:"G:\BITS\Project\source\Image_stream\NxUDP_Server\Debug\NxUDP_Server.exe" /INCREMENTAL /NOLOGO kernel32.lib user32.lib gdi32.lib winspool.lib comdlg32.lib advapi32.lib shell32.lib ole32.lib oleaut32.lib uuid.lib odbc32.lib odbccp32.lib /MANIFEST /MANIFESTUAC:"level='asInvoker' uiAccess='false'" /manifest:embed /DEBUG /PDB:"G:\BITS\Project\source\Image_stream\NxUDP_Server\Debug\NxUDP_Server.pdb" /SUBSYSTEM:CONSOLE /TLBID:1 /DYNAMICBASE /NXCOMPAT /IMPLIB:"G:\BITS\Project\source\Image_stream\NxUDP_Server\Debug\NxUDP_Server.lib" /MACHINE:X86 Debug\file_parse.obj
         "Debug\NxUDP-server.obj"
         Debug\NxUDP_pkt_parser.obj
         Debug\TEA.obj
         NxUDP_Server.vcxproj -> G:\BITS\Project\source\Image_stream\NxUDP_Server\Debug\NxUDP_Server.exe
     1>Done Building Project "G:\BITS\Project\source\Image_stream\NxUDP_Server\NxUDP_Server\NxUDP_Server.vcxproj" (Build target(s)).

Build succeeded.

Time Elapsed 00:00:00.87
