e:\bits_storage_do_not delete\project\source\image_stream\nxudp_server\nxudp_server\debug\vc120.pdb
e:\bits_storage_do_not delete\project\source\image_stream\nxudp_server\nxudp_server\debug\vc120.idb
e:\bits_storage_do_not delete\project\source\image_stream\nxudp_server\nxudp_server\debug\nxudp-server.obj
e:\bits_storage_do_not delete\project\source\image_stream\nxudp_server\nxudp_server\debug\file_parse.obj
e:\bits_storage_do_not delete\project\source\image_stream\nxudp_server\nxudp_server\debug\tea.obj
e:\bits_storage_do_not delete\project\source\image_stream\nxudp_server\nxudp_server\debug\nxudp_pkt_parser.obj
g:\bits\project\source\image_stream\nxudp_server\nxudp_server\debug\vc120.pdb
g:\bits\project\source\image_stream\nxudp_server\nxudp_server\debug\vc120.idb
g:\bits\project\source\image_stream\nxudp_server\nxudp_server\debug\file_parse.obj
g:\bits\project\source\image_stream\nxudp_server\nxudp_server\debug\nxudp-server.obj
g:\bits\project\source\image_stream\nxudp_server\nxudp_server\debug\nxudp_pkt_parser.obj
g:\bits\project\source\image_stream\nxudp_server\nxudp_server\debug\tea.obj
e:\bits_storage_do_not delete\project\source\image_stream\nxudp_server\debug\nxudp_server.ilk
e:\bits_storage_do_not delete\project\source\image_stream\nxudp_server\debug\nxudp_server.exe
e:\bits_storage_do_not delete\project\source\image_stream\nxudp_server\debug\nxudp_server.pdb
g:\bits\project\source\image_stream\nxudp_server\debug\nxudp_server.ilk
g:\bits\project\source\image_stream\nxudp_server\debug\nxudp_server.exe
g:\bits\project\source\image_stream\nxudp_server\debug\nxudp_server.pdb
g:\bits\project\source\image_stream\nxudp_server\nxudp_server\debug\nxudp_server.tlog\cl.command.1.tlog
g:\bits\project\source\image_stream\nxudp_server\nxudp_server\debug\nxudp_server.tlog\cl.read.1.tlog
g:\bits\project\source\image_stream\nxudp_server\nxudp_server\debug\nxudp_server.tlog\cl.write.1.tlog
g:\bits\project\source\image_stream\nxudp_server\nxudp_server\debug\nxudp_server.tlog\link.command.1.tlog
g:\bits\project\source\image_stream\nxudp_server\nxudp_server\debug\nxudp_server.tlog\link.read.1.tlog
g:\bits\project\source\image_stream\nxudp_server\nxudp_server\debug\nxudp_server.tlog\link.write.1.tlog
